<?xml version="1.0" encoding="utf-8"?><testsuites name="pytest tests"><testsuite name="pytest" errors="0" failures="0" skipped="0" tests="4" time="0.986" timestamp="2026-08-17T03:41:40.740109+00:00" hostname="agent-env-c797a46a-a874-421d-9f6c-929beca6e235"><testcase classname="tests.backend_test.TestStatusRoutesRemoved" name="test_post_status_returns_404" time="0.143" /><testcase classname="tests.backend_test.TestHealth" name="test_root_health_ok" time="0.165" /><testcase classname="tests.backend_test.TestStatusRoutesRemoved" name="test_get_status_returns_404" time="0.155" /><testcase classname="tests.backend_test.TestCorsCredentialsDisabled" name="test_cross_origin_get_no_allow_credentials" time="0.095" /></testsuite></testsuites>